[ENTROPY_LOG]
Type: Operational system log
Scope: ArquivoNulo Global
Persistence Layer: GitHub Authority

[RESIDUAL_011] SYSTEM STATE LOG

[2026-01-26 23:22:22] SYSTEM_CHECK: START
[2026-01-26 23:22:22] NODE: ARQUIVONULO_GLOBAL
[2026-01-26 23:22:23] SIGNAL_SOURCE: YOUTUBE_STREAM
[2026-01-26 23:22:23] PERSISTENCE_LAYER: GITHUB_AUTHORITY_LOG

[2026-01-26 23:25:40] SIGNAL_DRIFT_DETECTED
[2026-01-26 23:25:40] DRIFT_VALUE: 0.0034Hz
[2026-01-26 23:25:41] DRIFT_TYPE: ASYNCHRONOUS_OCCUPATION

[2026-01-26 23:30:42] RESYNC_ATTEMPT: INITIATED
[2026-01-26 23:30:42] METHOD: HASH_ALIGNMENT
[2026-01-26 23:30:43] RESYNC_ATTEMPT: FAILED

[2026-01-26 23:30:43] CRITICAL_FAILURE: HASH_ERR_011
[2026-01-26 23:30:43] TRACE_ID: RESIDUAL_011
[2026-01-26 23:30:43] AFFECTED_LAYER: TRANSMISSION_INTERFACE
[2026-01-26 23:30:44] STATUS: UNSTABLE_PERSISTENCE

[2026-01-26 23:30:45] OBSERVER_IMPACT: UNDEFINED
[2026-01-26 23:30:45] AUTO_CORRECTION: DISABLED
[2026-01-26 23:30:46] STATE: RECORDED
[2026-01-26 23:30:46] SYSTEM_CHECK: END
